Qflow DRC logfile created on Thu Apr 17 02:44:27 PDT 2025
magic -dnull -noconsole  /home/harshgk/vsdflow/layout/run_drc_ALU.tcl

Magic 8.3 revision 50 - Compiled on Thu Mar 27 03:47:14 PDT 2025.
Starting magic under Tcl interpreter
Using the terminal as the console.
Using NULL graphics device.
Processing system .magicrc file
Input style lambda=0.10(p): scaleFactor=10, multiplier=1
Contact size value ignored (using GDS generation rules).
Contact size value ignored (using GDS generation rules).
Contact size value ignored (using GDS generation rules).
Contact size value ignored (using GDS generation rules).
Contact size value ignored (using GDS generation rules).
Contact size value ignored (using GDS generation rules).
Loading "/home/harshgk/vsdflow/layout/run_drc_ALU.tcl" from command line.
Reading LEF data from file /usr/local/share/qflow/tech/osu018/osu018_stdcells.lef.
This action cannot be undone.
LEF read, Line 16 (Message): Unknown keyword "OBS" in LEF file; ignoring.
LEF read, Line 17 (Message): Unknown keyword "PIN" in LEF file; ignoring.
LEF read: Processed 2941 lines.
Processing timestamp mismatches: FILL, BUFX2, NOR3X1, AOI21X1, NAND3X1, INVX1, OAI21X1, INVX4, NOR2X1, INVX2, NAND2X1, AND2X2, OAI22X1, AOI22X1, OR2X2, XOR2X1.
drc = 0
DRC checking script ended on Thu Apr 17 02:44:27 PDT 2025
