Qflow migration logfile created on Thu Apr 17 02:44:25 PDT 2025
magic -dnull -noconsole  migrate_ALU.tcl

Magic 8.3 revision 50 - Compiled on Thu Mar 27 03:47:14 PDT 2025.
Starting magic under Tcl interpreter
Using the terminal as the console.
Using NULL graphics device.
Processing system .magicrc file
Input style lambda=0.10(p): scaleFactor=10, multiplier=1
Contact size value ignored (using GDS generation rules).
Contact size value ignored (using GDS generation rules).
Contact size value ignored (using GDS generation rules).
Contact size value ignored (using GDS generation rules).
Contact size value ignored (using GDS generation rules).
Contact size value ignored (using GDS generation rules).
Loading "migrate_ALU.tcl" from command line.
Root cell box:
           width x height  (   llx,  lly  ), (   urx,  ury  )

microns:    0.00 x 0.00    (  0.00,  0.00 ), (  0.00,  0.00 )
lambda:        0 x 0       (     0,  0    ), (     0,  0    )
Reading LEF data from file /usr/local/share/qflow/tech/osu018/osu018_stdcells.lef.
This action cannot be undone.
LEF read, Line 16 (Message): Unknown keyword "OBS" in LEF file; ignoring.
LEF read, Line 17 (Message): Unknown keyword "PIN" in LEF file; ignoring.
LEF read: Processed 2941 lines.
Reading DEF data from file ALU.def.
This action cannot be undone.
  Processed 5 vias total.
  Processed 304 subcell instances total.
  Processed 33 pins total.
  Processed 280 nets total.
DEF read, Line 3865 (Warning): Number of nets read (51) does not match the number declared (53).
DEF read: Processed 3866 lines.
DEF Read: encountered 1 warning total.
Generating LEF output ALU.lef for cell ALU:
Diagnostic:  Write LEF header for cell ALU
Diagnostic:  Writing LEF output for cell ALU
Diagnostic:  Scale value is 0.100000
Extracting INVX4 into INVX4.ext:
Completed 100%
Extracting INVX1 into INVX1.ext:
Completed 100%
Extracting INVX2 into INVX2.ext:
Completed 100%
Extracting BUFX2 into BUFX2.ext:
Completed 100%
Extracting FILL into FILL.ext:
Completed 100%
Extracting OAI22X1 into OAI22X1.ext:
Completed 100%
Extracting NOR2X1 into NOR2X1.ext:
Completed 100%
Extracting AOI21X1 into AOI21X1.ext:
Completed 100%
Extracting AOI22X1 into AOI22X1.ext:
Completed 100%
Extracting NAND3X1 into NAND3X1.ext:
Completed 100%
Extracting NAND2X1 into NAND2X1.ext:
Completed 100%
Extracting OR2X2 into OR2X2.ext:
Completed 100%
Extracting OAI21X1 into OAI21X1.ext:
Completed 100%
Extracting NOR3X1 into NOR3X1.ext:
Completed 100%
Extracting AND2X2 into AND2X2.ext:
Completed 100%
Extracting XOR2X1 into XOR2X1.ext:
Completed 100%
Extracting ALU into ALU.ext:
Completed 5%
Completed 10%
Completed 15%
Completed 20%
Completed 25%
Completed 30%
Completed 35%
Completed 40%
Completed 45%
Completed 51%
Completed 56%
Completed 61%
Completed 66%
Completed 71%
Completed 76%
Completed 81%
Completed 86%
Completed 91%
Completed 96%
Completed 100%
exttospice finished.
Migration script ended on Thu Apr 17 02:44:27 PDT 2025
