Qflow static timing analysis logfile created on Thu Apr 17 02:44:25 PDT 2025
Converting qrouter output to vesta delay format
Running rc2dly -r ALU.rc -l /usr/local/share/qflow/tech/osu018/osu018_stdcells.lib -d ALU.dly
Converting qrouter output to SPEF delay format
Running rc2dly -D : -r ALU.rc -l /usr/local/share/qflow/tech/osu018/osu018_stdcells.lib -d ALU.spef
Converting qrouter output to SDF delay format
Running rc2dly -r ALU.rc -l /usr/local/share/qflow/tech/osu018/osu018_stdcells.lib -d ALU.sdf
Running vesta static timing analysis with back-annotated extracted wire delays
vesta -c -d ALU.dly --long ALU.rtlnopwr.v /usr/local/share/qflow/tech/osu018/osu018_stdcells.lib
----------------------------------------------
Vesta static timing analysis tool
for qflow 1.3.17
(c) 2013-2018 Tim Edwards, Open Circuit Design
----------------------------------------------

Parsing library "osu018_stdcells"
End of library at line 6141
Parsing module "ALU"
Lib read /usr/local/share/qflow/tech/osu018/osu018_stdcells.lib:  Processed 6142 lines.
Verilog netlist read:  Processed 319 lines.
Number of paths analyzed:  0

Top 0 maximum delay paths:
Computed maximum clock frequency (zero margin) = inf MHz
-----------------------------------------

Number of paths analyzed:  0

Top 0 minimum delay paths:
Design meets minimum hold timing.
-----------------------------------------

Number of paths analyzed:  11

Top 11 maximum delay paths:
Path input pin A[4] to output pin zero delay 1381.61 ps
      0.6 ps   A[4]:              ->   XOR2X1_4/B
    326.2 ps  _216_:   XOR2X1_4/Y -> NAND2X1_13/B
    583.2 ps  _107_: NAND2X1_13/Y -> AOI21X1_15/C
    685.0 ps  _147_: AOI21X1_15/Y -> OAI21X1_37/A
    806.1 ps  _148_: OAI21X1_37/Y ->  NAND3X1_8/C
    922.0 ps  _156_:  NAND3X1_8/Y -> NAND2X1_16/B
    999.9 ps  _157_: NAND2X1_16/Y -> AOI21X1_16/C
   1090.3 ps  _158_: AOI21X1_16/Y -> NAND2X1_17/B
   1209.6 ps  _239_: NAND2X1_17/Y ->   NOR3X1_5/B
   1299.1 ps  _242_:   NOR3X1_5/Y ->   BUFX2_11/A
   1381.6 ps   zero:   BUFX2_11/Y -> zero

Path input pin A[4] to output pin overflow delay 1323.47 ps
      0.6 ps      A[4]:              ->   XOR2X1_4/B
    326.2 ps     _216_:   XOR2X1_4/Y -> NAND2X1_13/B
    583.2 ps     _107_: NAND2X1_13/Y -> AOI21X1_15/C
    685.0 ps     _147_: AOI21X1_15/Y -> OAI21X1_37/A
    806.1 ps     _148_: OAI21X1_37/Y ->  NAND3X1_8/C
    922.0 ps     _156_:  NAND3X1_8/Y -> NAND2X1_16/B
    999.9 ps     _157_: NAND2X1_16/Y -> AOI21X1_16/C
   1090.3 ps     _158_: AOI21X1_16/Y -> AOI21X1_19/B
   1182.6 ps     _169_: AOI21X1_19/Y ->   NOR3X1_7/C
   1243.1 ps     _240_:   NOR3X1_7/Y ->    BUFX2_2/A
   1323.5 ps  overflow:    BUFX2_2/Y -> overflow

Path input pin A[4] to output pin negative delay 1287.59 ps
      0.6 ps      A[4]:              ->   XOR2X1_4/B
    326.2 ps     _216_:   XOR2X1_4/Y -> NAND2X1_13/B
    583.2 ps     _107_: NAND2X1_13/Y -> AOI21X1_15/C
    685.0 ps     _147_: AOI21X1_15/Y -> OAI21X1_37/A
    806.1 ps     _148_: OAI21X1_37/Y ->  NAND3X1_8/C
    922.0 ps     _156_:  NAND3X1_8/Y -> NAND2X1_16/B
    999.9 ps     _157_: NAND2X1_16/Y -> AOI21X1_16/C
   1090.3 ps     _158_: AOI21X1_16/Y -> NAND2X1_17/B
   1209.7 ps     _239_: NAND2X1_17/Y ->    BUFX2_1/A
   1287.6 ps  negative:    BUFX2_1/Y -> negative

Path input pin A[4] to output pin result[7] delay 1287.59 ps
      0.6 ps       A[4]:              ->   XOR2X1_4/B
    326.2 ps      _216_:   XOR2X1_4/Y -> NAND2X1_13/B
    583.2 ps      _107_: NAND2X1_13/Y -> AOI21X1_15/C
    685.0 ps      _147_: AOI21X1_15/Y -> OAI21X1_37/A
    806.1 ps      _148_: OAI21X1_37/Y ->  NAND3X1_8/C
    922.0 ps      _156_:  NAND3X1_8/Y -> NAND2X1_16/B
    999.9 ps      _157_: NAND2X1_16/Y -> AOI21X1_16/C
   1090.3 ps      _158_: AOI21X1_16/Y -> NAND2X1_17/B
   1209.6 ps      _239_: NAND2X1_17/Y ->   BUFX2_10/A
   1287.6 ps  result[7]:   BUFX2_10/Y -> result[7]

Path input pin A[4] to output pin result[6] delay 1184.74 ps
      0.6 ps       A[4]:              ->   XOR2X1_4/B
    326.2 ps      _216_:   XOR2X1_4/Y -> NAND2X1_13/B
    583.2 ps      _107_: NAND2X1_13/Y ->    INVX1_8/A
    671.7 ps      _130_:    INVX1_8/Y -> OAI21X1_31/C
    753.1 ps      _131_: OAI21X1_31/Y -> AOI21X1_13/B
    864.1 ps      _132_: AOI21X1_13/Y ->  NOR2X1_12/B
    934.3 ps      _133_:  NOR2X1_12/Y -> OAI21X1_32/C
   1006.5 ps      _134_: OAI21X1_32/Y ->  NAND3X1_5/C
   1109.4 ps   _241__6_:  NAND3X1_5/Y ->    BUFX2_9/A
   1184.7 ps  result[6]:    BUFX2_9/Y -> result[6]

Path input pin A[1] to output pin result[5] delay 1169.39 ps
      0.5 ps       A[1]:              ->  NOR2X1_25/A
    153.3 ps      _203_:  NOR2X1_25/Y ->  OAI21X1_2/A
    352.3 ps       _39_:  OAI21X1_2/Y ->  NAND2X1_9/B
    499.6 ps       _63_:  NAND2X1_9/Y -> OAI21X1_12/A
    664.6 ps       _77_: OAI21X1_12/Y ->    INVX2_3/A
    776.4 ps       _78_:    INVX2_3/Y -> OAI21X1_21/A
    872.9 ps      _110_: OAI21X1_21/Y -> OAI21X1_25/A
    963.2 ps      _118_: OAI21X1_25/Y -> AOI21X1_10/C
   1049.0 ps      _119_: AOI21X1_10/Y ->    INVX1_6/A
   1100.6 ps   _241__5_:    INVX1_6/Y ->    BUFX2_8/A
   1169.4 ps  result[5]:    BUFX2_8/Y -> result[5]

Path input pin A[1] to output pin result[4] delay 1163.29 ps
      0.5 ps       A[1]:              ->  NOR2X1_25/A
    153.3 ps      _203_:  NOR2X1_25/Y ->  OAI21X1_2/A
    352.3 ps       _39_:  OAI21X1_2/Y ->  NAND2X1_9/B
    499.6 ps       _63_:  NAND2X1_9/Y -> OAI21X1_12/A
    664.6 ps       _77_: OAI21X1_12/Y ->    INVX2_3/A
    776.4 ps       _78_:    INVX2_3/Y ->   NOR2X1_6/B
    852.8 ps       _79_:   NOR2X1_6/Y -> OAI21X1_16/A
    942.7 ps       _93_: OAI21X1_16/Y ->   NOR2X1_8/B
   1036.3 ps       _94_:   NOR2X1_8/Y ->    INVX1_5/A
   1090.7 ps   _241__4_:    INVX1_5/Y ->    BUFX2_7/A
   1163.3 ps  result[4]:    BUFX2_7/Y -> result[4]

Path input pin opcode[3] to output pin result[1] delay 1009.58 ps
      0.3 ps  opcode[3]:              ->   INVX1_19/A
     57.3 ps      _238_:   INVX1_19/Y -> NAND2X1_24/B
    201.0 ps        _0_: NAND2X1_24/Y ->  NOR2X1_38/B
    512.6 ps        _2_:  NOR2X1_38/Y -> NAND2X1_26/B
    649.4 ps        _8_: NAND2X1_26/Y -> NAND3X1_15/B
    759.6 ps       _10_: NAND3X1_15/Y ->   NOR3X1_8/A
    883.6 ps       _29_:   NOR3X1_8/Y ->   INVX1_20/A
    940.1 ps   _241__1_:   INVX1_20/Y ->    BUFX2_4/A
   1009.6 ps  result[1]:    BUFX2_4/Y -> result[1]

Path input pin A[1] to output pin result[0] delay 997.753 ps
      0.5 ps       A[1]:              ->  NOR2X1_25/A
    153.3 ps      _203_:  NOR2X1_25/Y ->  OAI22X1_3/D
    351.4 ps      _204_:  OAI22X1_3/Y -> AOI21X1_22/B
    484.7 ps      _212_: AOI21X1_22/Y ->  NOR2X1_28/B
    693.1 ps      _213_:  NOR2X1_28/Y ->  NOR2X1_31/A
    786.3 ps      _219_:  NOR2X1_31/Y -> OAI21X1_48/A
    905.3 ps   _241__0_: OAI21X1_48/Y ->    BUFX2_3/A
    997.8 ps  result[0]:    BUFX2_3/Y -> result[0]

Path input pin opcode[3] to output pin result[3] delay 985.33 ps
      0.3 ps  opcode[3]:              ->   INVX1_19/A
     57.3 ps      _238_:   INVX1_19/Y -> NAND2X1_24/B
    201.0 ps        _0_: NAND2X1_24/Y ->  NOR2X1_38/B
    512.6 ps        _2_:  NOR2X1_38/Y ->  AOI22X1_3/B
    642.1 ps       _67_:  AOI22X1_3/Y ->  NAND3X1_4/B
    748.5 ps       _70_:  NAND3X1_4/Y ->  AOI21X1_4/C
    814.3 ps       _71_:  AOI21X1_4/Y ->  OAI21X1_9/C
    909.1 ps   _241__3_:  OAI21X1_9/Y ->    BUFX2_6/A
    985.3 ps  result[3]:    BUFX2_6/Y -> result[3]

Path input pin opcode[3] to output pin result[2] delay 969.649 ps
      0.3 ps  opcode[3]:              ->   INVX1_19/A
     57.3 ps      _238_:   INVX1_19/Y -> NAND2X1_24/B
    201.0 ps        _0_: NAND2X1_24/Y ->  NOR2X1_38/B
    512.6 ps        _2_:  NOR2X1_38/Y ->  AOI22X1_1/B
    634.4 ps       _45_:  AOI22X1_1/Y ->  OAI21X1_4/C
    732.2 ps       _46_:  OAI21X1_4/Y ->   NOR3X1_1/C
    833.4 ps       _51_:   NOR3X1_1/Y ->  NAND2X1_5/B
    899.6 ps   _241__2_:  NAND2X1_5/Y ->    BUFX2_5/A
    969.6 ps  result[2]:    BUFX2_5/Y -> result[2]

-----------------------------------------

Number of paths analyzed:  11

Top 11 minimum delay paths:
Path input pin A[7] to output pin overflow delay 236.714 ps
      0.3 ps      A[7]:            -> NOR3X1_6/B
     86.6 ps     _167_: NOR3X1_6/Y -> NOR3X1_7/A
    166.3 ps     _240_: NOR3X1_7/Y ->  BUFX2_2/A
    236.7 ps  overflow:  BUFX2_2/Y -> overflow

Path input pin B[1] to output pin result[2] delay 286.527 ps
      0.8 ps       B[1]:              -> OAI21X1_52/B
     67.7 ps       _30_: OAI21X1_52/Y ->  OAI21X1_1/A
    151.1 ps       _38_:  OAI21X1_1/Y ->  NAND2X1_5/A
    216.9 ps   _241__2_:  NAND2X1_5/Y ->    BUFX2_5/A
    286.5 ps  result[2]:    BUFX2_5/Y -> result[2]

Path input pin A[2] to output pin result[3] delay 315.972 ps
      1.2 ps       A[2]:             -> AOI22X1_5/C
     63.2 ps       _69_: AOI22X1_5/Y -> NAND3X1_4/A
    116.6 ps       _70_: NAND3X1_4/Y -> AOI21X1_4/C
    174.8 ps       _71_: AOI21X1_4/Y -> OAI21X1_9/C
    244.8 ps   _241__3_: OAI21X1_9/Y ->   BUFX2_6/A
    316.0 ps  result[3]:   BUFX2_6/Y -> result[3]

Path input pin A[1] to output pin result[0] delay 326.008 ps
      0.8 ps       A[1]:              -> AOI22X1_12/B
     72.6 ps        _3_: AOI22X1_12/Y -> OAI21X1_47/C
    122.9 ps        _4_: OAI21X1_47/Y ->  NOR2X1_39/A
    184.6 ps        _5_:  NOR2X1_39/Y -> OAI21X1_48/C
    255.0 ps   _241__0_: OAI21X1_48/Y ->    BUFX2_3/A
    326.0 ps  result[0]:    BUFX2_3/Y -> result[0]

Path input pin A[2] to output pin result[1] delay 330.5 ps
      1.1 ps       A[2]:              -> NAND2X1_29/A
     54.4 ps       _15_: NAND2X1_29/Y -> NAND3X1_16/A
    114.3 ps       _16_: NAND3X1_16/Y ->   NOR3X1_8/B
    219.7 ps       _29_:   NOR3X1_8/Y ->   INVX1_20/A
    262.0 ps   _241__1_:   INVX1_20/Y ->    BUFX2_4/A
    330.5 ps  result[1]:    BUFX2_4/Y -> result[1]

Path input pin A[5] to output pin result[6] delay 332.117 ps
      1.0 ps       A[5]:              -> AOI21X1_14/A
     73.2 ps      _139_: AOI21X1_14/Y -> OAI21X1_34/C
    124.2 ps      _140_: OAI21X1_34/Y ->  NOR2X1_13/B
    188.6 ps      _141_:  NOR2X1_13/Y ->  NAND3X1_5/B
    260.6 ps   _241__6_:  NAND3X1_5/Y ->    BUFX2_9/A
    332.1 ps  result[6]:    BUFX2_9/Y -> result[6]

Path input pin A[5] to output pin zero delay 411.482 ps
      1.0 ps      A[5]:              -> AOI21X1_14/A
     73.2 ps     _139_: AOI21X1_14/Y -> OAI21X1_34/C
    124.2 ps     _140_: OAI21X1_34/Y ->  NOR2X1_13/B
    188.6 ps     _141_:  NOR2X1_13/Y ->  NAND3X1_5/B
    260.6 ps  _241__6_:  NAND3X1_5/Y ->   NOR3X1_5/A
    340.9 ps     _242_:   NOR3X1_5/Y ->   BUFX2_11/A
    411.5 ps      zero:   BUFX2_11/Y -> zero

Path input pin B[6] to output pin result[7] delay 413.078 ps
      0.2 ps       B[6]:              ->   INVX1_13/A
     65.6 ps      _189_:   INVX1_13/Y -> OAI21X1_38/A
    135.9 ps      _149_: OAI21X1_38/Y -> AOI21X1_16/A
    248.2 ps      _158_: AOI21X1_16/Y -> NAND2X1_17/B
    338.4 ps      _239_: NAND2X1_17/Y ->   BUFX2_10/A
    413.1 ps  result[7]:   BUFX2_10/Y -> result[7]

Path input pin B[6] to output pin negative delay 413.078 ps
      0.2 ps      B[6]:              ->   INVX1_13/A
     65.6 ps     _189_:   INVX1_13/Y -> OAI21X1_38/A
    135.9 ps     _149_: OAI21X1_38/Y -> AOI21X1_16/A
    248.2 ps     _158_: AOI21X1_16/Y -> NAND2X1_17/B
    338.5 ps     _239_: NAND2X1_17/Y ->    BUFX2_1/A
    413.1 ps  negative:    BUFX2_1/Y -> negative

Path input pin A[3] to output pin result[4] delay 423.439 ps
      1.2 ps       A[3]:              ->  AOI22X1_7/C
     59.5 ps       _90_:  AOI22X1_7/Y -> OAI21X1_15/C
    110.4 ps       _91_: OAI21X1_15/Y ->   NOR2X1_7/A
    172.5 ps       _92_:   NOR2X1_7/Y -> OAI21X1_16/C
    224.6 ps       _93_: OAI21X1_16/Y ->   NOR2X1_8/B
    309.9 ps       _94_:   NOR2X1_8/Y ->    INVX1_5/A
    351.9 ps   _241__4_:    INVX1_5/Y ->    BUFX2_7/A
    423.4 ps  result[4]:    BUFX2_7/Y -> result[4]

Path input pin B[4] to output pin result[5] delay 427.563 ps
      0.3 ps       B[4]:              ->    INVX2_8/A
     52.5 ps      _173_:    INVX2_8/Y -> OAI21X1_20/A
    117.0 ps      _105_: OAI21X1_20/Y ->  AOI21X1_8/C
    185.3 ps      _106_:  AOI21X1_8/Y -> OAI21X1_25/B
    242.8 ps      _118_: OAI21X1_25/Y -> AOI21X1_10/C
    319.4 ps      _119_: AOI21X1_10/Y ->    INVX1_6/A
    359.8 ps   _241__5_:    INVX1_6/Y ->    BUFX2_8/A
    427.6 ps  result[5]:    BUFX2_8/Y -> result[5]

-----------------------------------------

